** ComfyUI startup time: 2024-01-08 12:51:07.110189
[2024-01-08 12:51] ** Platform: Windows
[2024-01-08 12:51] ** Python version: 3.10.9 | packaged by Anaconda, Inc. | (main, Mar  1 2023, 18:18:15) [MSC v.1916 64 bit (AMD64)]
[2024-01-08 12:51] ** Python executable: D:\official_comfyui\aurobit_comfyui\AIGC-ComfyUI\venv\Scripts\python.exe
[2024-01-08 12:51] ** Log path: D:\official_comfyui\aurobit_comfyui\AIGC-ComfyUI\comfyui.log
[2024-01-08 12:51] module: D:\official_comfyui\aurobit_comfyui\AIGC-ComfyUI\comfy_extras\nodes_latent
[2024-01-08 12:51] module: D:\official_comfyui\aurobit_comfyui\AIGC-ComfyUI\comfy_extras\nodes_hypernetwork
[2024-01-08 12:51] module: D:\official_comfyui\aurobit_comfyui\AIGC-ComfyUI\comfy_extras\nodes_upscale_model
[2024-01-08 12:51] module: D:\official_comfyui\aurobit_comfyui\AIGC-ComfyUI\comfy_extras\nodes_post_processing
[2024-01-08 12:51] module: D:\official_comfyui\aurobit_comfyui\AIGC-ComfyUI\comfy_extras\nodes_mask
[2024-01-08 12:51] module: D:\official_comfyui\aurobit_comfyui\AIGC-ComfyUI\comfy_extras\nodes_compositing
[2024-01-08 12:51] module: D:\official_comfyui\aurobit_comfyui\AIGC-ComfyUI\comfy_extras\nodes_rebatch
[2024-01-08 12:51] module: D:\official_comfyui\aurobit_comfyui\AIGC-ComfyUI\comfy_extras\nodes_model_merging
[2024-01-08 12:51] module: D:\official_comfyui\aurobit_comfyui\AIGC-ComfyUI\comfy_extras\nodes_tomesd
[2024-01-08 12:51] module: D:\official_comfyui\aurobit_comfyui\AIGC-ComfyUI\comfy_extras\nodes_clip_sdxl
[2024-01-08 12:51] module: D:\official_comfyui\aurobit_comfyui\AIGC-ComfyUI\comfy_extras\nodes_canny
[2024-01-08 12:51] module: D:\official_comfyui\aurobit_comfyui\AIGC-ComfyUI\comfy_extras\nodes_freelunch
[2024-01-08 12:51] module: D:\official_comfyui\aurobit_comfyui\AIGC-ComfyUI\comfy_extras\nodes_custom_sampler
[2024-01-08 12:51] module: D:\official_comfyui\aurobit_comfyui\AIGC-ComfyUI\comfy_extras\nodes_hypertile
[2024-01-08 12:51] module: D:\official_comfyui\aurobit_comfyui\AIGC-ComfyUI\comfy_extras\nodes_model_advanced
[2024-01-08 12:51] module: D:\official_comfyui\aurobit_comfyui\AIGC-ComfyUI\comfy_extras\nodes_model_downscale
[2024-01-08 12:51] module: D:\official_comfyui\aurobit_comfyui\AIGC-ComfyUI\comfy_extras\nodes_images
[2024-01-08 12:51] module: D:\official_comfyui\aurobit_comfyui\AIGC-ComfyUI\comfy_extras\nodes_video_model
[2024-01-08 12:51] module: D:\official_comfyui\aurobit_comfyui\AIGC-ComfyUI\comfy_extras\nodes_sag
[2024-01-08 12:51] module: D:\official_comfyui\aurobit_comfyui\AIGC-ComfyUI\comfy_extras\nodes_perpneg
[2024-01-08 12:51] module: D:\official_comfyui\aurobit_comfyui\AIGC-ComfyUI\comfy_extras\nodes_stable3d
[2024-01-08 12:51] module: D:\official_comfyui\aurobit_comfyui\AIGC-ComfyUI\framework\app_log
[2024-01-08 12:51] Skip D:\official_comfyui\aurobit_comfyui\AIGC-ComfyUI\framework\app_log.py module for custom nodes due to the lack of NODE_CLASS_MAPPINGS.
[2024-01-08 12:51] module: D:\official_comfyui\aurobit_comfyui\AIGC-ComfyUI\framework\db_connection
[2024-01-08 12:51] Skip D:\official_comfyui\aurobit_comfyui\AIGC-ComfyUI\framework\db_connection.py module for custom nodes due to the lack of NODE_CLASS_MAPPINGS.
[2024-01-08 12:51] module: D:\official_comfyui\aurobit_comfyui\AIGC-ComfyUI\framework\err_code
[2024-01-08 12:51] Skip D:\official_comfyui\aurobit_comfyui\AIGC-ComfyUI\framework\err_code.py module for custom nodes due to the lack of NODE_CLASS_MAPPINGS.
[2024-01-08 12:51] module: D:\official_comfyui\aurobit_comfyui\AIGC-ComfyUI\framework\event_types
[2024-01-08 12:51] Skip D:\official_comfyui\aurobit_comfyui\AIGC-ComfyUI\framework\event_types.py module for custom nodes due to the lack of NODE_CLASS_MAPPINGS.
[2024-01-08 12:51] module: D:\official_comfyui\aurobit_comfyui\AIGC-ComfyUI\framework\flow_control_nodes
[2024-01-08 12:51] module: D:\official_comfyui\aurobit_comfyui\AIGC-ComfyUI\framework\flow_execution
[2024-01-08 12:51] Skip D:\official_comfyui\aurobit_comfyui\AIGC-ComfyUI\framework\flow_execution.py module for custom nodes due to the lack of NODE_CLASS_MAPPINGS.
[2024-01-08 12:51] module: D:\official_comfyui\aurobit_comfyui\AIGC-ComfyUI\framework\image_util
[2024-01-08 12:51] Skip D:\official_comfyui\aurobit_comfyui\AIGC-ComfyUI\framework\image_util.py module for custom nodes due to the lack of NODE_CLASS_MAPPINGS.
[2024-01-08 12:51] module: D:\official_comfyui\aurobit_comfyui\AIGC-ComfyUI\framework\kafka_connection
[2024-01-08 12:51] Skip D:\official_comfyui\aurobit_comfyui\AIGC-ComfyUI\framework\kafka_connection.py module for custom nodes due to the lack of NODE_CLASS_MAPPINGS.
[2024-01-08 12:51] module: D:\official_comfyui\aurobit_comfyui\AIGC-ComfyUI\framework\resource_loader
[2024-01-08 12:51] Skip D:\official_comfyui\aurobit_comfyui\AIGC-ComfyUI\framework\resource_loader.py module for custom nodes due to the lack of NODE_CLASS_MAPPINGS.
[2024-01-08 12:51] module: D:\official_comfyui\aurobit_comfyui\AIGC-ComfyUI\framework\task_engine_util
[2024-01-08 12:51] Skip D:\official_comfyui\aurobit_comfyui\AIGC-ComfyUI\framework\task_engine_util.py module for custom nodes due to the lack of NODE_CLASS_MAPPINGS.
[2024-01-08 12:51] module: D:\official_comfyui\aurobit_comfyui\AIGC-ComfyUI\framework\workflow_utils
[2024-01-08 12:51] Skip D:\official_comfyui\aurobit_comfyui\AIGC-ComfyUI\framework\workflow_utils.py module for custom nodes due to the lack of NODE_CLASS_MAPPINGS.
[2024-01-08 12:51] module: D:\official_comfyui\aurobit_comfyui\AIGC-ComfyUI\framework\model\object_storage
[2024-01-08 12:51] Skip D:\official_comfyui\aurobit_comfyui\AIGC-ComfyUI\framework\model\object_storage.py module for custom nodes due to the lack of NODE_CLASS_MAPPINGS.
[2024-01-08 12:51] module: D:\official_comfyui\aurobit_comfyui\AIGC-ComfyUI\framework\model\tb_data
[2024-01-08 12:51] Skip D:\official_comfyui\aurobit_comfyui\AIGC-ComfyUI\framework\model\tb_data.py module for custom nodes due to the lack of NODE_CLASS_MAPPINGS.
[2024-01-08 12:51] module: D:\official_comfyui\aurobit_comfyui\AIGC-ComfyUI\common_nodes\image_util_nodes
[2024-01-08 12:51] module: D:\official_comfyui\aurobit_comfyui\AIGC-ComfyUI\common_nodes\inout_nodes
[2024-01-08 12:51] module: D:\official_comfyui\aurobit_comfyui\AIGC-ComfyUI\common_nodes\primitive_nodes
[2024-01-08 12:51] 
Import times for custom nodes:
[2024-01-08 12:51]    0.0 seconds: D:\official_comfyui\aurobit_comfyui\AIGC-ComfyUI\common_nodes
[2024-01-08 12:51]    0.0 seconds (IMPORT FAILED): D:\official_comfyui\aurobit_comfyui\AIGC-ComfyUI\framework
[2024-01-08 12:51] 
[2024-01-08 12:51] module: ComfyUI-Custom-Scripts
[2024-01-08 12:51] module: ComfyUI-Manager
[2024-01-08 12:51] ### Loading: ComfyUI-Manager (V1.25.3)
[2024-01-08 12:51] ### ComfyUI Revision: 1900 [8315ee15] | Released on '2024-01-08'
[2024-01-08 12:51] module: comfyui-reactor-node
[2024-01-08 12:51] FETCH DATA from: https://raw.githubusercontent.com/ltdrdata/ComfyUI-Manager/main/custom-node-list.json
[2024-01-08 12:51] FETCH DATA from: https://raw.githubusercontent.com/ltdrdata/ComfyUI-Manager/main/extension-node-map.json
[2024-01-08 12:51] FETCH DATA from: https://raw.githubusercontent.com/ltdrdata/ComfyUI-Manager/main/model-list.json
[2024-01-08 12:51] FETCH DATA from: https://raw.githubusercontent.com/ltdrdata/ComfyUI-Manager/main/alter-list.json
[2024-01-08 12:51] Total VRAM 12288 MB, total RAM 31905 MB
[2024-01-08 12:51] Set vram state to: NORMAL_VRAM
[2024-01-08 12:51] Device: cuda:0 NVIDIA GeForce RTX 3060 : native
[2024-01-08 12:51] VAE dtype: torch.bfloat16
[2024-01-08 12:51] Traceback (most recent call last):
  File "D:\official_comfyui\aurobit_comfyui\AIGC-ComfyUI\nodes.py", line 1803, in load_custom_node
    module_spec.loader.exec_module(module)
  File "<frozen importlib._bootstrap_external>", line 883, in exec_module
  File "<frozen importlib._bootstrap>", line 241, in _call_with_frames_removed
  File "D:\official_comfyui\aurobit_comfyui\AIGC-ComfyUI\custom_nodes\comfyui-reactor-node\__init__.py", line 25, in <module>
    from .nodes import NODE_CLASS_MAPPINGS, NODE_DISPLAY_NAME_MAPPINGS
  File "D:\official_comfyui\aurobit_comfyui\AIGC-ComfyUI\custom_nodes\comfyui-reactor-node\nodes.py", line 14, in <module>
    from scripts.reactor_faceswap import FaceSwapScript, get_models, get_current_faces_model, analyze_faces
  File "D:\official_comfyui\aurobit_comfyui\AIGC-ComfyUI\custom_nodes\comfyui-reactor-node\scripts\reactor_faceswap.py", line 12, in <module>
    from scripts.reactor_logger import logger
  File "D:\official_comfyui\aurobit_comfyui\AIGC-ComfyUI\custom_nodes\comfyui-reactor-node\scripts\reactor_logger.py", line 6, in <module>
    from reactor_utils import addLoggingLevel
  File "D:\official_comfyui\aurobit_comfyui\AIGC-ComfyUI\custom_nodes\comfyui-reactor-node\reactor_utils.py", line 8, in <module>
    from insightface.app.common import Face
ModuleNotFoundError: No module named 'insightface'
[2024-01-08 12:51] 
[2024-01-08 12:51] Cannot import D:\official_comfyui\aurobit_comfyui\AIGC-ComfyUI\custom_nodes\comfyui-reactor-node module for custom nodes: No module named 'insightface'
[2024-01-08 12:51] module: comfyui_controlnet_aux
[36;20m[comfyui_controlnet_aux] | INFO -> Using ckpts path: D:\official_comfyui\aurobit_comfyui\AIGC-ComfyUI\custom_nodes\comfyui_controlnet_aux\ckpts[0m
[2024-01-08 12:51] [36;20m[comfyui_controlnet_aux] | INFO -> Using symlinks: False[0m
[2024-01-08 12:51] [36;20m[comfyui_controlnet_aux] | INFO -> Using ort providers: ['CUDAExecutionProvider', 'DirectMLExecutionProvider', 'OpenVINOExecutionProvider', 'ROCMExecutionProvider', 'CPUExecutionProvider', 'CoreMLExecutionProvider'][0m
[2024-01-08 12:51] 

Full error log from comfyui_controlnet_aux: 
Traceback (most recent call last):
  File "D:\official_comfyui\aurobit_comfyui\AIGC-ComfyUI\custom_nodes\comfyui_controlnet_aux\__init__.py", line 32, in load_nodes
    module = importlib.import_module(
  File "D:\anaconda\lib\importlib\__init__.py", line 126, in import_module
    return _bootstrap._gcd_import(name[level:], package, level)
  File "<frozen importlib._bootstrap>", line 1050, in _gcd_import
  File "<frozen importlib._bootstrap>", line 1027, in _find_and_load
  File "<frozen importlib._bootstrap>", line 1006, in _find_and_load_unlocked
  File "<frozen importlib._bootstrap>", line 688, in _load_unlocked
  File "<frozen importlib._bootstrap_external>", line 883, in exec_module
  File "<frozen importlib._bootstrap>", line 241, in _call_with_frames_removed
  File "D:\official_comfyui\aurobit_comfyui\AIGC-ComfyUI\custom_nodes\comfyui_controlnet_aux\node_wrappers\dwpose.py", line 5, in <module>
    from controlnet_aux.dwpose import DwposeDetector, AnimalposeDetector
  File "D:\official_comfyui\aurobit_comfyui\AIGC-ComfyUI\custom_nodes\comfyui_controlnet_aux\src\controlnet_aux\dwpose\__init__.py", line 17, in <module>
    from . import util
  File "D:\official_comfyui\aurobit_comfyui\AIGC-ComfyUI\custom_nodes\comfyui_controlnet_aux\src\controlnet_aux\dwpose\util.py", line 3, in <module>
    import matplotlib
ModuleNotFoundError: No module named 'matplotlib'


[2024-01-08 12:51] 
[2024-01-08 12:51] [36;20m[comfyui_controlnet_aux] | INFO -> Some nodes failed to load:
	Failed to import module dwpose because ModuleNotFoundError: No module named 'matplotlib'

Check that you properly installed the dependencies.
If you think this is a bug, please report it on the github page (https://github.com/Fannovel16/comfyui_controlnet_aux/issues)[0m
[2024-01-08 12:51] module: ComfyUI_IPAdapter_plus
[2024-01-08 12:51] module: Derfuu_ComfyUI_ModdedNodes
[2024-01-08 12:51] [ComfyUI-Manager] default cache updated: https://raw.githubusercontent.com/ltdrdata/ComfyUI-Manager/main/alter-list.json
[2024-01-08 12:51] [ComfyUI-Manager] default cache updated: https://raw.githubusercontent.com/ltdrdata/ComfyUI-Manager/main/model-list.json
[2024-01-08 12:51] module: efficiency-nodes-comfyui
[2024-01-08 12:51] [36;20m[comfyui_controlnet_aux] | INFO -> Some nodes failed to load:
	Failed to import module dwpose because ModuleNotFoundError: No module named 'matplotlib'

Check that you properly installed the dependencies.
If you think this is a bug, please report it on the github page (https://github.com/Fannovel16/comfyui_controlnet_aux/issues)[0m
[2024-01-08 12:51] [36mEfficiency Nodes:[0m Attempting to add Control Net options to the 'HiRes-Fix Script' Node (comfyui_controlnet_aux add-on)...[92mSuccess![0m
[2024-01-08 12:51] [93mEfficiency Nodes Warning:[0m Failed to import python package 'simpleeval'; related nodes disabled.
[2024-01-08 12:51] 
[2024-01-08 12:51] module: facerestore_cf
[2024-01-08 12:51] [ComfyUI-Manager] default cache updated: https://raw.githubusercontent.com/ltdrdata/ComfyUI-Manager/main/custom-node-list.json
[2024-01-08 12:51] [ComfyUI-Manager] default cache updated: https://raw.githubusercontent.com/ltdrdata/ComfyUI-Manager/main/extension-node-map.json
[2024-01-08 12:51] Traceback (most recent call last):
  File "D:\official_comfyui\aurobit_comfyui\AIGC-ComfyUI\nodes.py", line 1803, in load_custom_node
    module_spec.loader.exec_module(module)
  File "<frozen importlib._bootstrap_external>", line 883, in exec_module
  File "<frozen importlib._bootstrap>", line 241, in _call_with_frames_removed
  File "D:\official_comfyui\aurobit_comfyui\AIGC-ComfyUI\custom_nodes\facerestore_cf\__init__.py", line 8, in <module>
    from custom_nodes.facerestore_cf.facelib.utils.face_restoration_helper import FaceRestoreHelper
  File "D:\official_comfyui\aurobit_comfyui\AIGC-ComfyUI\custom_nodes\facerestore_cf\__init__.py", line 14, in <module>
    from custom_nodes.facerestore_cf.basicsr.utils.registry import ARCH_REGISTRY
  File "D:\official_comfyui\aurobit_comfyui\AIGC-ComfyUI\custom_nodes\facerestore_cf\basicsr\__init__.py", line 5, in <module>
    from .losses import *
  File "D:\official_comfyui\aurobit_comfyui\AIGC-ComfyUI\custom_nodes\facerestore_cf\basicsr\losses\__init__.py", line 5, in <module>
    from .losses import (CharbonnierLoss, GANLoss, L1Loss, MSELoss, PerceptualLoss, WeightedTVLoss, g_path_regularize,
  File "D:\official_comfyui\aurobit_comfyui\AIGC-ComfyUI\custom_nodes\facerestore_cf\basicsr\losses\losses.py", line 2, in <module>
    import lpips
ModuleNotFoundError: No module named 'lpips'
[2024-01-08 12:51] 
[2024-01-08 12:51] Cannot import D:\official_comfyui\aurobit_comfyui\AIGC-ComfyUI\custom_nodes\facerestore_cf module for custom nodes: No module named 'lpips'
[2024-01-08 12:51] module: rgthree-comfy
[2024-01-08 12:51] 
[2024-01-08 12:51] [32m[1m[rgthree] Loaded 22 exciting nodes.[0m
[2024-01-08 12:51] [32m[rgthree] Optimizing ComfyUI recursive execution. [33mIf queueing and/or re-queueing seems broken, change "patch_recursive_execution" to false in rgthree_config.json [0m
[2024-01-08 12:51] 
[2024-01-08 12:51] module: sdxl_prompt_styler
[2024-01-08 12:51] module: stability-ComfyUI-nodes
[2024-01-08 12:51] 
Import times for custom nodes:
[2024-01-08 12:51]    0.0 seconds: D:\official_comfyui\aurobit_comfyui\AIGC-ComfyUI\custom_nodes\sdxl_prompt_styler
[2024-01-08 12:51]    0.0 seconds: D:\official_comfyui\aurobit_comfyui\AIGC-ComfyUI\custom_nodes\stability-ComfyUI-nodes
[2024-01-08 12:51]    0.0 seconds: D:\official_comfyui\aurobit_comfyui\AIGC-ComfyUI\custom_nodes\ComfyUI_IPAdapter_plus
[2024-01-08 12:51]    0.1 seconds: D:\official_comfyui\aurobit_comfyui\AIGC-ComfyUI\custom_nodes\ComfyUI-Custom-Scripts
[2024-01-08 12:51]    0.1 seconds: D:\official_comfyui\aurobit_comfyui\AIGC-ComfyUI\custom_nodes\Derfuu_ComfyUI_ModdedNodes
[2024-01-08 12:51]    0.1 seconds: D:\official_comfyui\aurobit_comfyui\AIGC-ComfyUI\custom_nodes\rgthree-comfy
[2024-01-08 12:51]    0.1 seconds: D:\official_comfyui\aurobit_comfyui\AIGC-ComfyUI\custom_nodes\efficiency-nodes-comfyui
[2024-01-08 12:51]    0.1 seconds (IMPORT FAILED): D:\official_comfyui\aurobit_comfyui\AIGC-ComfyUI\custom_nodes\comfyui-reactor-node
[2024-01-08 12:51]    0.2 seconds (IMPORT FAILED): D:\official_comfyui\aurobit_comfyui\AIGC-ComfyUI\custom_nodes\facerestore_cf
[2024-01-08 12:51]    0.3 seconds: D:\official_comfyui\aurobit_comfyui\AIGC-ComfyUI\custom_nodes\ComfyUI-Manager
[2024-01-08 12:51]    0.6 seconds: D:\official_comfyui\aurobit_comfyui\AIGC-ComfyUI\custom_nodes\comfyui_controlnet_aux
[2024-01-08 12:51] 
[2024-01-08 12:51] Traceback (most recent call last):
[2024-01-08 12:51]   File "D:\official_comfyui\aurobit_comfyui\AIGC-ComfyUI\aiyo_server_main.py", line 149, in <module>
[2024-01-08 12:51]     aiyo_server_main()
[2024-01-08 12:51]   File "D:\official_comfyui\aurobit_comfyui\AIGC-ComfyUI\aiyo_server_main.py", line 143, in aiyo_server_main
[2024-01-08 12:51]     loop.run_until_complete(run(server, address=args.listen, port=args.port, verbose=not args.dont_print_server, call_on_start=call_on_start))
[2024-01-08 12:51]   File "D:\anaconda\lib\asyncio\base_events.py", line 649, in run_until_complete
[2024-01-08 12:51]     return future.result()
[2024-01-08 12:51]   File "D:\official_comfyui\aurobit_comfyui\AIGC-ComfyUI\aiyo_server_main.py", line 91, in run
[2024-01-08 12:51]     await asyncio.gather(server.start(address, port, verbose, call_on_start), server.publish_loop())
[2024-01-08 12:51]   File "D:\official_comfyui\aurobit_comfyui\AIGC-ComfyUI\aiyo_server\aiyo_server.py", line 129, in start
[2024-01-08 12:51]     await site.start()
[2024-01-08 12:51]   File "D:\official_comfyui\aurobit_comfyui\AIGC-ComfyUI\venv\lib\site-packages\aiohttp\web_runner.py", line 119, in start
[2024-01-08 12:51]     self._server = await loop.create_server(
[2024-01-08 12:51]   File "D:\anaconda\lib\asyncio\base_events.py", line 1513, in create_server
[2024-01-08 12:51]     raise OSError(err.errno, 'error while attempting '
[2024-01-08 12:51] OSError: [Errno 10048] error while attempting to bind on address ('127.0.0.1', 8188): 通常每个套接字地址(协议/网络地址/端口)只允许使用一次。
